# JRE version: OpenJDK Runtime Environment (8.0_171-b11) (build 1.8.0_171-8u171-b11-0ubuntu0.16.04.1-b11)
# Java VM: OpenJDK 64-Bit Server VM (25.171-b11 mixed mode linux-amd64 compressed oops)
Heap:
 PSYoungGen      total 24064K, used 6194K [0x00000000d6f80000, 0x00000000d8800000, 0x0000000100000000)
  eden space 23552K, 26% used [0x00000000d6f80000,0x00000000d757cb50,0x00000000d8680000)
  from space 512K, 12% used [0x00000000d8700000,0x00000000d8710000,0x00000000d8780000)
  to   space 512K, 0% used [0x00000000d8780000,0x00000000d8780000,0x00000000d8800000)
 ParOldGen       total 84992K, used 4109K [0x0000000084e00000, 0x000000008a100000, 0x00000000d6f80000)
  object space 84992K, 4% used [0x0000000084e00000,0x00000000852034a0,0x000000008a100000)
 Metaspace       used 17931K, capacity 18194K, committed 18688K, reserved 1064960K
  class space    used 2141K, capacity 2229K, committed 2304K, reserved 1048576K
GC Heap History (10 events):
Event: 72.219 GC heap before
{Heap before GC invocations=53 (full 0):
 PSYoungGen      total 24064K, used 23552K [0x00000000d6f80000, 0x00000000d8800000, 0x0000000100000000)
  eden space 23552K, 100% used [0x00000000d6f80000,0x00000000d8680000,0x00000000d8680000)
  from space 512K, 0% used [0x00000000d8780000,0x00000000d8780000,0x00000000d8800000)
  to   space 512K, 0% used [0x00000000d8700000,0x00000000d8700000,0x00000000d8780000)
 ParOldGen       total 84992K, used 4109K [0x0000000084e00000, 0x000000008a100000, 0x00000000d6f80000)
  object space 84992K, 4% used [0x0000000084e00000,0x00000000852034a0,0x000000008a100000)
 Metaspace       used 17918K, capacity 18130K, committed 18432K, reserved 1064960K
  class space    used 2140K, capacity 2229K, committed 2304K, reserved 1048576K
Event: 72.220 GC heap after
Heap after GC invocations=53 (full 0):
 PSYoungGen      total 24064K, used 0K [0x00000000d6f80000, 0x00000000d8800000, 0x0000000100000000)
  eden space 23552K, 0% used [0x00000000d6f80000,0x00000000d6f80000,0x00000000d8680000)
  from space 512K, 0% used [0x00000000d8700000,0x00000000d8700000,0x00000000d8780000)
  to   space 512K, 0% used [0x00000000d8780000,0x00000000d8780000,0x00000000d8800000)
 ParOldGen       total 84992K, used 4109K [0x0000000084e00000, 0x000000008a100000, 0x00000000d6f80000)
  object space 84992K, 4% used [0x0000000084e00000,0x00000000852034a0,0x000000008a100000)
 Metaspace       used 17918K, capacity 18130K, committed 18432K, reserved 1064960K
  class space    used 2140K, capacity 2229K, committed 2304K, reserved 1048576K
}
Event: 73.122 GC heap before
{Heap before GC invocations=54 (full 0):
 PSYoungGen      total 24064K, used 23552K [0x00000000d6f80000, 0x00000000d8800000, 0x0000000100000000)
  eden space 23552K, 100% used [0x00000000d6f80000,0x00000000d8680000,0x00000000d8680000)
  from space 512K, 0% used [0x00000000d8700000,0x00000000d8700000,0x00000000d8780000)
  to   space 512K, 0% used [0x00000000d8780000,0x00000000d8780000,0x00000000d8800000)
 ParOldGen       total 84992K, used 4109K [0x0000000084e00000, 0x000000008a100000, 0x00000000d6f80000)
  object space 84992K, 4% used [0x0000000084e00000,0x00000000852034a0,0x000000008a100000)
 Metaspace       used 17918K, capacity 18130K, committed 18432K, reserved 1064960K
  class space    used 2140K, capacity 2229K, committed 2304K, reserved 1048576K
Event: 73.126 GC heap after
Heap after GC invocations=54 (full 0):
 PSYoungGen      total 24064K, used 0K [0x00000000d6f80000, 0x00000000d8800000, 0x0000000100000000)
  eden space 23552K, 0% used [0x00000000d6f80000,0x00000000d6f80000,0x00000000d8680000)
  from space 512K, 0% used [0x00000000d8780000,0x00000000d8780000,0x00000000d8800000)
  to   space 512K, 0% used [0x00000000d8700000,0x00000000d8700000,0x00000000d8780000)
 ParOldGen       total 84992K, used 4109K [0x0000000084e00000, 0x000000008a100000, 0x00000000d6f80000)
  object space 84992K, 4% used [0x0000000084e00000,0x00000000852034a0,0x000000008a100000)
 Metaspace       used 17918K, capacity 18130K, committed 18432K, reserved 1064960K
  class space    used 2140K, capacity 2229K, committed 2304K, reserved 1048576K
}
Event: 73.985 GC heap before
{Heap before GC invocations=55 (full 0):
 PSYoungGen      total 24064K, used 23552K [0x00000000d6f80000, 0x00000000d8800000, 0x0000000100000000)
  eden space 23552K, 100% used [0x00000000d6f80000,0x00000000d8680000,0x00000000d8680000)
  from space 512K, 0% used [0x00000000d8780000,0x00000000d8780000,0x00000000d8800000)
  to   space 512K, 0% used [0x00000000d8700000,0x00000000d8700000,0x00000000d8780000)
 ParOldGen       total 84992K, used 4109K [0x0000000084e00000, 0x000000008a100000, 0x00000000d6f80000)
  object space 84992K, 4% used [0x0000000084e00000,0x00000000852034a0,0x000000008a100000)
 Metaspace       used 17918K, capacity 18130K, committed 18432K, reserved 1064960K
  class space    used 2140K, capacity 2229K, committed 2304K, reserved 1048576K
Event: 73.986 GC heap after
Heap after GC invocations=55 (full 0):
 PSYoungGen      total 24064K, used 0K [0x00000000d6f80000, 0x00000000d8800000, 0x0000000100000000)
  eden space 23552K, 0% used [0x00000000d6f80000,0x00000000d6f80000,0x00000000d8680000)
  from space 512K, 0% used [0x00000000d8700000,0x00000000d8700000,0x00000000d8780000)
  to   space 512K, 0% used [0x00000000d8780000,0x00000000d8780000,0x00000000d8800000)
 ParOldGen       total 84992K, used 4109K [0x0000000084e00000, 0x000000008a100000, 0x00000000d6f80000)
  object space 84992K, 4% used [0x0000000084e00000,0x00000000852034a0,0x000000008a100000)
 Metaspace       used 17918K, capacity 18130K, committed 18432K, reserved 1064960K
  class space    used 2140K, capacity 2229K, committed 2304K, reserved 1048576K
}
Event: 74.768 GC heap before
{Heap before GC invocations=56 (full 0):
 PSYoungGen      total 24064K, used 23552K [0x00000000d6f80000, 0x00000000d8800000, 0x0000000100000000)
  eden space 23552K, 100% used [0x00000000d6f80000,0x00000000d8680000,0x00000000d8680000)
  from space 512K, 0% used [0x00000000d8700000,0x00000000d8700000,0x00000000d8780000)
  to   space 512K, 0% used [0x00000000d8780000,0x00000000d8780000,0x00000000d8800000)
 ParOldGen       total 84992K, used 4109K [0x0000000084e00000, 0x000000008a100000, 0x00000000d6f80000)
  object space 84992K, 4% used [0x0000000084e00000,0x00000000852034a0,0x000000008a100000)
 Metaspace       used 17918K, capacity 18130K, committed 18432K, reserved 1064960K
  class space    used 2140K, capacity 2229K, committed 2304K, reserved 1048576K
Event: 74.769 GC heap after
Heap after GC invocations=56 (full 0):
 PSYoungGen      total 24064K, used 0K [0x00000000d6f80000, 0x00000000d8800000, 0x0000000100000000)
  eden space 23552K, 0% used [0x00000000d6f80000,0x00000000d6f80000,0x00000000d8680000)
  from space 512K, 0% used [0x00000000d8780000,0x00000000d8780000,0x00000000d8800000)
  to   space 512K, 0% used [0x00000000d8700000,0x00000000d8700000,0x00000000d8780000)
 ParOldGen       total 84992K, used 4109K [0x0000000084e00000, 0x000000008a100000, 0x00000000d6f80000)
  object space 84992K, 4% used [0x0000000084e00000,0x00000000852034a0,0x000000008a100000)
 Metaspace       used 17918K, capacity 18130K, committed 18432K, reserved 1064960K
  class space    used 2140K, capacity 2229K, committed 2304K, reserved 1048576K
}
Event: 75.879 GC heap before
{Heap before GC invocations=57 (full 0):
 PSYoungGen      total 24064K, used 23552K [0x00000000d6f80000, 0x00000000d8800000, 0x0000000100000000)
  eden space 23552K, 100% used [0x00000000d6f80000,0x00000000d8680000,0x00000000d8680000)
  from space 512K, 0% used [0x00000000d8780000,0x00000000d8780000,0x00000000d8800000)
  to   space 512K, 0% used [0x00000000d8700000,0x00000000d8700000,0x00000000d8780000)
 ParOldGen       total 84992K, used 4109K [0x0000000084e00000, 0x000000008a100000, 0x00000000d6f80000)
  object space 84992K, 4% used [0x0000000084e00000,0x00000000852034a0,0x000000008a100000)
 Metaspace       used 17918K, capacity 18130K, committed 18432K, reserved 1064960K
  class space    used 2140K, capacity 2229K, committed 2304K, reserved 1048576K
Event: 75.880 GC heap after
Heap after GC invocations=57 (full 0):
 PSYoungGen      total 24064K, used 64K [0x00000000d6f80000, 0x00000000d8800000, 0x0000000100000000)
  eden space 23552K, 0% used [0x00000000d6f80000,0x00000000d6f80000,0x00000000d8680000)
  from space 512K, 12% used [0x00000000d8700000,0x00000000d8710000,0x00000000d8780000)
  to   space 512K, 0% used [0x00000000d8780000,0x00000000d8780000,0x00000000d8800000)
 ParOldGen       total 84992K, used 4109K [0x0000000084e00000, 0x000000008a100000, 0x00000000d6f80000)
  object space 84992K, 4% used [0x0000000084e00000,0x00000000852034a0,0x000000008a100000)
 Metaspace       used 17918K, capacity 18130K, committed 18432K, reserved 1064960K
  class space    used 2140K, capacity 2229K, committed 2304K, reserved 1048576K
}

